\BOOKMARK [0][-]{chapter.1}{\376\377\000E\000s\000t\000r\000u\000c\000t\000u\000r\000a\000s\000\040\000d\000e\000\040\000D\000a\000t\000o\000s}{}% 1
\BOOKMARK [1][-]{section.1.1}{\376\377\000E\000s\000t\000r\000u\000c\000t\000u\000r\000a\000s\000\040\000d\000e\000\040\000D\000a\000t\000o\000s\000\040\000L\000i\000n\000e\000a\000l\000e\000s}{chapter.1}% 2
\BOOKMARK [2][-]{subsection.1.1.1}{\376\377\000A\000c\000e\000r\000c\000a\000\040\000d\000e}{section.1.1}% 3
\BOOKMARK [2][-]{subsection.1.1.2}{\376\377\000A\000r\000r\000a\000y\000s}{section.1.1}% 4
\BOOKMARK [2][-]{subsection.1.1.3}{\376\377\000A\000r\000r\000a\000y\000s\000\040\000m\000u\000l\000t\000i\000d\000i\000m\000e\000n\000s\000i\000o\000n\000a\000l\000e\000s}{section.1.1}% 5
\BOOKMARK [2][-]{subsection.1.1.4}{\376\377\000S\000t\000a\000c\000k\000s\000\040\000\050\000p\000i\000l\000a\000s\000\051}{section.1.1}% 6
\BOOKMARK [2][-]{subsection.1.1.5}{\376\377\000Q\000u\000e\000u\000e\000s\000\040\000\050\000c\000o\000l\000a\000s\000\051}{section.1.1}% 7
\BOOKMARK [1][-]{section.1.2}{\376\377\000E\000s\000t\000r\000u\000c\000t\000u\000r\000a\000s\000\040\000d\000e\000\040\000D\000a\000t\000o\000s\000\040\000N\000o\000\040\000L\000i\000n\000e\000a\000l\000e\000s}{chapter.1}% 8
\BOOKMARK [2][-]{subsection.1.2.1}{\376\377\000A\000c\000e\000r\000c\000a\000\040\000d\000e}{section.1.2}% 9
\BOOKMARK [2][-]{subsection.1.2.2}{\376\377\000S\000e\000t\000\040\000\050\000c\000o\000n\000j\000u\000n\000t\000o\000\051}{section.1.2}% 10
\BOOKMARK [2][-]{subsection.1.2.3}{\376\377\000M\000a\000p\000\040\000\050\000m\000a\000p\000a\000,\000\040\000t\000a\000b\000l\000a\000\040\000d\000e\000\040\000h\000a\000s\000h\000i\000n\000g\000\051}{section.1.2}% 11
\BOOKMARK [0][-]{chapter.2}{\376\377\000A\000l\000g\000o\000r\000i\000t\000m\000o\000s\000\040\000d\000e\000\040\000O\000r\000d\000e\000n\000a\000m\000i\000e\000n\000t\000o}{}% 12
\BOOKMARK [1][-]{section.2.1}{\376\377\000A\000l\000g\000o\000r\000i\000t\000m\000o\000s\000\040\000d\000e\000\040\000F\000u\000e\000r\000z\000a\000\040\000B\000r\000u\000t\000a}{chapter.2}% 13
\BOOKMARK [2][-]{subsection.2.1.1}{\376\377\000A\000c\000e\000r\000c\000a\000\040\000d\000e}{section.2.1}% 14
\BOOKMARK [2][-]{subsection.2.1.2}{\376\377\000B\000u\000b\000b\000l\000e\000\040\000s\000o\000r\000t}{section.2.1}% 15
\BOOKMARK [2][-]{subsection.2.1.3}{\376\377\000I\000n\000s\000e\000r\000t\000i\000o\000n\000\040\000s\000o\000r\000t}{section.2.1}% 16
\BOOKMARK [1][-]{section.2.2}{\376\377\000A\000l\000g\000o\000r\000i\000t\000m\000o\000s\000\040\000d\000e\000\040\000D\000e\000c\000r\000e\000c\000e\000r\000\040\000y\000\040\000C\000o\000n\000q\000u\000i\000s\000t\000a\000r}{chapter.2}% 17
\BOOKMARK [2][-]{subsection.2.2.1}{\376\377\000A\000c\000e\000r\000c\000a\000\040\000d\000e}{section.2.2}% 18
\BOOKMARK [2][-]{subsection.2.2.2}{\376\377\000S\000e\000l\000e\000c\000t\000i\000o\000n\000\040\000s\000o\000r\000t}{section.2.2}% 19
\BOOKMARK [0][-]{chapter.3}{\376\377\000A\000l\000g\000o\000r\000i\000t\000m\000o\000s\000\040\000d\000e\000\040\000b\000\372\000s\000q\000u\000e\000d\000a}{}% 20
\BOOKMARK [1][-]{section.3.1}{\376\377\000B\000\372\000s\000q\000u\000e\000d\000a\000\040\000L\000i\000n\000e\000a\000l}{chapter.3}% 21
\BOOKMARK [2][-]{subsection.3.1.1}{\376\377\000A\000c\000e\000r\000c\000a\000\040\000d\000e}{section.3.1}% 22
\BOOKMARK [2][-]{subsection.3.1.2}{\376\377\000E\000j\000e\000m\000p\000l\000o}{section.3.1}% 23
\BOOKMARK [2][-]{subsection.3.1.3}{\376\377\000C\000\363\000d\000i\000g\000o}{section.3.1}% 24
\BOOKMARK [1][-]{section.3.2}{\376\377\000B\000\372\000s\000q\000u\000e\000d\000a\000\040\000B\000i\000n\000a\000r\000i\000a}{chapter.3}% 25
\BOOKMARK [2][-]{subsection.3.2.1}{\376\377\000A\000c\000e\000r\000c\000a\000\040\000d\000e}{section.3.2}% 26
\BOOKMARK [2][-]{subsection.3.2.2}{\376\377\000U\000s\000o\000\040\000m\000e\000d\000i\000a\000n\000t\000e\000\040\000l\000a\000\040\000l\000i\000b\000r\000e\000r\000\355\000a\000\040\000S\000T\000L}{section.3.2}% 27
\BOOKMARK [2][-]{subsection.3.2.3}{\376\377\000I\000m\000p\000l\000e\000m\000e\000n\000t\000a\000c\000i\000o\000n\000e\000s\000\040\000p\000r\000o\000p\000i\000a\000s}{section.3.2}% 28
